2022-03-03 15:47:47.550  INFO 6592 --- [main] c.e.hellospring.HelloSpringApplication   : Starting HelloSpringApplication using Java 11.0.2 on Yahda with PID 6592 (D:\Bahodir\projects\helloSpring\target\classes started by yahyo in D:\Bahodir\projects\helloSpring)
2022-03-03 15:47:47.565 DEBUG 6592 --- [main] c.e.hellospring.HelloSpringApplication   : Running with Spring Boot v2.6.4, Spring v5.3.16
2022-03-03 15:47:47.565  INFO 6592 --- [main] c.e.hellospring.HelloSpringApplication   : No active profile set, falling back to 1 default profile: "default"
2022-03-03 15:47:48.374  INFO 6592 --- [main] .s.d.r.c.RepositoryConfigurationDelegate : Bootstrapping Spring Data JPA repositories in DEFAULT mode.
2022-03-03 15:47:48.419  INFO 6592 --- [main] .s.d.r.c.RepositoryConfigurationDelegate : Finished Spring Data repository scanning in 37 ms. Found 1 JPA repository interfaces.
2022-03-03 15:47:48.957  INFO 6592 --- [main] o.s.b.w.embedded.tomcat.TomcatWebServer  : Tomcat initialized with port(s): 8082 (http)
2022-03-03 15:47:48.964  INFO 6592 --- [main] o.apache.catalina.core.StandardService   : Starting service [Tomcat]
2022-03-03 15:47:48.965  INFO 6592 --- [main] org.apache.catalina.core.StandardEngine  : Starting Servlet engine: [Apache Tomcat/9.0.58]
2022-03-03 15:47:49.044  INFO 6592 --- [main] o.a.c.c.C.[Tomcat].[localhost].[/]       : Initializing Spring embedded WebApplicationContext
2022-03-03 15:47:49.044  INFO 6592 --- [main] w.s.c.ServletWebServerApplicationContext : Root WebApplicationContext: initialization completed in 1372 ms
2022-03-03 15:47:49.206  INFO 6592 --- [main] o.hibernate.jpa.internal.util.LogHelper  : HHH000204: Processing PersistenceUnitInfo [name: default]
2022-03-03 15:47:49.240  INFO 6592 --- [main] org.hibernate.Version                    : HHH000412: Hibernate ORM core version 5.6.5.Final
2022-03-03 15:47:49.332  INFO 6592 --- [main] o.hibernate.annotations.common.Version   : HCANN000001: Hibernate Commons Annotations {5.1.2.Final}
2022-03-03 15:47:49.396  INFO 6592 --- [main] com.zaxxer.hikari.HikariDataSource       : HikariPool-1 - Starting...
2022-03-03 15:47:49.520  INFO 6592 --- [main] com.zaxxer.hikari.HikariDataSource       : HikariPool-1 - Start completed.
2022-03-03 15:47:49.532  INFO 6592 --- [main] org.hibernate.dialect.Dialect            : HHH000400: Using dialect: org.hibernate.dialect.PostgreSQLDialect
2022-03-03 15:47:50.000  INFO 6592 --- [main] o.h.e.t.j.p.i.JtaPlatformInitiator       : HHH000490: Using JtaPlatform implementation: [org.hibernate.engine.transaction.jta.platform.internal.NoJtaPlatform]
2022-03-03 15:47:50.012  INFO 6592 --- [main] j.LocalContainerEntityManagerFactoryBean : Initialized JPA EntityManagerFactory for persistence unit 'default'
2022-03-03 15:47:50.071  WARN 6592 --- [main] JpaBaseConfiguration$JpaWebConfiguration : spring.jpa.open-in-view is enabled by default. Therefore, database queries may be performed during view rendering. Explicitly configure spring.jpa.open-in-view to disable this warning
2022-03-03 15:47:50.344 TRACE 6592 --- [main] c.e.h.config.SecurityConfiguration       : trace
2022-03-03 15:47:50.759  INFO 6592 --- [main] o.s.s.web.DefaultSecurityFilterChain     : Will not secure any request
2022-03-03 15:47:51.067  INFO 6592 --- [main] o.s.b.w.embedded.tomcat.TomcatWebServer  : Tomcat started on port(s): 8082 (http) with context path ''
2022-03-03 15:47:51.078  INFO 6592 --- [main] c.e.hellospring.HelloSpringApplication   : Started HelloSpringApplication in 3.909 seconds (JVM running for 4.596)
2022-03-03 15:48:25.901  INFO 6592 --- [http-nio-8082-exec-1] o.a.c.c.C.[Tomcat].[localhost].[/]       : Initializing Spring DispatcherServlet 'dispatcherServlet'
2022-03-03 15:48:25.902  INFO 6592 --- [http-nio-8082-exec-1] o.s.web.servlet.DispatcherServlet        : Initializing Servlet 'dispatcherServlet'
2022-03-03 15:48:25.903  INFO 6592 --- [http-nio-8082-exec-1] o.s.web.servlet.DispatcherServlet        : Completed initialization in 1 ms
2022-03-03 15:52:00.083  INFO 6592 --- [SpringApplicationShutdownHook] j.LocalContainerEntityManagerFactoryBean : Closing JPA EntityManagerFactory for persistence unit 'default'
2022-03-03 15:52:00.085  INFO 6592 --- [SpringApplicationShutdownHook] com.zaxxer.hikari.HikariDataSource       : HikariPool-1 - Shutdown initiated...
2022-03-03 15:52:00.091  INFO 6592 --- [SpringApplicationShutdownHook] com.zaxxer.hikari.HikariDataSource       : HikariPool-1 - Shutdown completed.
2022-03-03 15:52:04.662  INFO 568 --- [main] c.e.hellospring.HelloSpringApplication   : Starting HelloSpringApplication using Java 11.0.2 on Yahda with PID 568 (D:\Bahodir\projects\helloSpring\target\classes started by yahyo in D:\Bahodir\projects\helloSpring)
2022-03-03 15:52:04.664 DEBUG 568 --- [main] c.e.hellospring.HelloSpringApplication   : Running with Spring Boot v2.6.4, Spring v5.3.16
2022-03-03 15:52:04.665  INFO 568 --- [main] c.e.hellospring.HelloSpringApplication   : No active profile set, falling back to 1 default profile: "default"
2022-03-03 15:52:05.206  INFO 568 --- [main] .s.d.r.c.RepositoryConfigurationDelegate : Bootstrapping Spring Data JPA repositories in DEFAULT mode.
2022-03-03 15:52:05.242  INFO 568 --- [main] .s.d.r.c.RepositoryConfigurationDelegate : Finished Spring Data repository scanning in 28 ms. Found 1 JPA repository interfaces.
2022-03-03 15:52:05.625  INFO 568 --- [main] o.s.b.w.embedded.tomcat.TomcatWebServer  : Tomcat initialized with port(s): 8082 (http)
2022-03-03 15:52:05.631  INFO 568 --- [main] o.apache.catalina.core.StandardService   : Starting service [Tomcat]
2022-03-03 15:52:05.632  INFO 568 --- [main] org.apache.catalina.core.StandardEngine  : Starting Servlet engine: [Apache Tomcat/9.0.58]
2022-03-03 15:52:05.721  INFO 568 --- [main] o.a.c.c.C.[Tomcat].[localhost].[/]       : Initializing Spring embedded WebApplicationContext
2022-03-03 15:52:05.721  INFO 568 --- [main] w.s.c.ServletWebServerApplicationContext : Root WebApplicationContext: initialization completed in 1014 ms
2022-03-03 15:52:05.875  INFO 568 --- [main] o.hibernate.jpa.internal.util.LogHelper  : HHH000204: Processing PersistenceUnitInfo [name: default]
2022-03-03 15:52:05.905  INFO 568 --- [main] org.hibernate.Version                    : HHH000412: Hibernate ORM core version 5.6.5.Final
2022-03-03 15:52:05.990  INFO 568 --- [main] o.hibernate.annotations.common.Version   : HCANN000001: Hibernate Commons Annotations {5.1.2.Final}
2022-03-03 15:52:06.051  INFO 568 --- [main] com.zaxxer.hikari.HikariDataSource       : HikariPool-1 - Starting...
2022-03-03 15:52:06.268  INFO 568 --- [main] com.zaxxer.hikari.HikariDataSource       : HikariPool-1 - Start completed.
2022-03-03 15:52:06.279  INFO 568 --- [main] org.hibernate.dialect.Dialect            : HHH000400: Using dialect: org.hibernate.dialect.PostgreSQLDialect
2022-03-03 15:52:06.642  INFO 568 --- [main] o.h.e.t.j.p.i.JtaPlatformInitiator       : HHH000490: Using JtaPlatform implementation: [org.hibernate.engine.transaction.jta.platform.internal.NoJtaPlatform]
2022-03-03 15:52:06.649  INFO 568 --- [main] j.LocalContainerEntityManagerFactoryBean : Initialized JPA EntityManagerFactory for persistence unit 'default'
2022-03-03 15:52:06.687  WARN 568 --- [main] JpaBaseConfiguration$JpaWebConfiguration : spring.jpa.open-in-view is enabled by default. Therefore, database queries may be performed during view rendering. Explicitly configure spring.jpa.open-in-view to disable this warning
2022-03-03 15:52:06.965 TRACE 568 --- [main] c.e.h.config.SecurityConfiguration       : trace
2022-03-03 15:52:07.258  INFO 568 --- [main] o.s.s.web.DefaultSecurityFilterChain     : Will not secure any request
2022-03-03 15:52:07.523  INFO 568 --- [main] o.s.b.w.embedded.tomcat.TomcatWebServer  : Tomcat started on port(s): 8082 (http) with context path ''
2022-03-03 15:52:07.535  INFO 568 --- [main] c.e.hellospring.HelloSpringApplication   : Started HelloSpringApplication in 3.249 seconds (JVM running for 4.173)
2022-03-03 15:52:14.567  INFO 568 --- [http-nio-8082-exec-1] o.a.c.c.C.[Tomcat].[localhost].[/]       : Initializing Spring DispatcherServlet 'dispatcherServlet'
2022-03-03 15:52:14.568  INFO 568 --- [http-nio-8082-exec-1] o.s.web.servlet.DispatcherServlet        : Initializing Servlet 'dispatcherServlet'
2022-03-03 15:52:14.569  INFO 568 --- [http-nio-8082-exec-1] o.s.web.servlet.DispatcherServlet        : Completed initialization in 1 ms
2022-03-03 15:52:15.012  INFO 568 --- [http-nio-8082-exec-1] c.e.hellospring.hodim.HodimResource      : Malumot Keldi [com.example.hellospring.hodim.Hodim@3b8ce573, com.example.hellospring.hodim.Hodim@3eaec9ba, com.example.hellospring.hodim.Hodim@ed17565, com.example.hellospring.hodim.Hodim@728102c8, com.example.hellospring.hodim.Hodim@59a22336]
2022-03-03 15:53:15.657  INFO 568 --- [SpringApplicationShutdownHook] j.LocalContainerEntityManagerFactoryBean : Closing JPA EntityManagerFactory for persistence unit 'default'
2022-03-03 15:53:15.659  INFO 568 --- [SpringApplicationShutdownHook] com.zaxxer.hikari.HikariDataSource       : HikariPool-1 - Shutdown initiated...
2022-03-03 15:53:15.666  INFO 568 --- [SpringApplicationShutdownHook] com.zaxxer.hikari.HikariDataSource       : HikariPool-1 - Shutdown completed.
2022-03-03 15:53:20.022  INFO 4452 --- [main] c.e.hellospring.HelloSpringApplication   : Starting HelloSpringApplication using Java 11.0.2 on Yahda with PID 4452 (D:\Bahodir\projects\helloSpring\target\classes started by yahyo in D:\Bahodir\projects\helloSpring)
2022-03-03 15:53:20.024 DEBUG 4452 --- [main] c.e.hellospring.HelloSpringApplication   : Running with Spring Boot v2.6.4, Spring v5.3.16
2022-03-03 15:53:20.025  INFO 4452 --- [main] c.e.hellospring.HelloSpringApplication   : No active profile set, falling back to 1 default profile: "default"
2022-03-03 15:53:20.661  INFO 4452 --- [main] .s.d.r.c.RepositoryConfigurationDelegate : Bootstrapping Spring Data JPA repositories in DEFAULT mode.
2022-03-03 15:53:20.698  INFO 4452 --- [main] .s.d.r.c.RepositoryConfigurationDelegate : Finished Spring Data repository scanning in 30 ms. Found 1 JPA repository interfaces.
2022-03-03 15:53:21.097  INFO 4452 --- [main] o.s.b.w.embedded.tomcat.TomcatWebServer  : Tomcat initialized with port(s): 8082 (http)
2022-03-03 15:53:21.104  INFO 4452 --- [main] o.apache.catalina.core.StandardService   : Starting service [Tomcat]
2022-03-03 15:53:21.104  INFO 4452 --- [main] org.apache.catalina.core.StandardEngine  : Starting Servlet engine: [Apache Tomcat/9.0.58]
2022-03-03 15:53:21.185  INFO 4452 --- [main] o.a.c.c.C.[Tomcat].[localhost].[/]       : Initializing Spring embedded WebApplicationContext
2022-03-03 15:53:21.186  INFO 4452 --- [main] w.s.c.ServletWebServerApplicationContext : Root WebApplicationContext: initialization completed in 1102 ms
2022-03-03 15:53:21.349  INFO 4452 --- [main] o.hibernate.jpa.internal.util.LogHelper  : HHH000204: Processing PersistenceUnitInfo [name: default]
2022-03-03 15:53:21.383  INFO 4452 --- [main] org.hibernate.Version                    : HHH000412: Hibernate ORM core version 5.6.5.Final
2022-03-03 15:53:21.487  INFO 4452 --- [main] o.hibernate.annotations.common.Version   : HCANN000001: Hibernate Commons Annotations {5.1.2.Final}
2022-03-03 15:53:21.556  INFO 4452 --- [main] com.zaxxer.hikari.HikariDataSource       : HikariPool-1 - Starting...
2022-03-03 15:53:21.712  INFO 4452 --- [main] com.zaxxer.hikari.HikariDataSource       : HikariPool-1 - Start completed.
2022-03-03 15:53:21.722  INFO 4452 --- [main] org.hibernate.dialect.Dialect            : HHH000400: Using dialect: org.hibernate.dialect.PostgreSQLDialect
2022-03-03 15:53:22.104  INFO 4452 --- [main] o.h.e.t.j.p.i.JtaPlatformInitiator       : HHH000490: Using JtaPlatform implementation: [org.hibernate.engine.transaction.jta.platform.internal.NoJtaPlatform]
2022-03-03 15:53:22.110  INFO 4452 --- [main] j.LocalContainerEntityManagerFactoryBean : Initialized JPA EntityManagerFactory for persistence unit 'default'
2022-03-03 15:53:22.150  WARN 4452 --- [main] JpaBaseConfiguration$JpaWebConfiguration : spring.jpa.open-in-view is enabled by default. Therefore, database queries may be performed during view rendering. Explicitly configure spring.jpa.open-in-view to disable this warning
2022-03-03 15:53:22.426 TRACE 4452 --- [main] c.e.h.config.SecurityConfiguration       : trace
2022-03-03 15:53:22.709  INFO 4452 --- [main] o.s.s.web.DefaultSecurityFilterChain     : Will not secure any request
2022-03-03 15:53:22.973  INFO 4452 --- [main] o.s.b.w.embedded.tomcat.TomcatWebServer  : Tomcat started on port(s): 8082 (http) with context path ''
2022-03-03 15:53:22.984  INFO 4452 --- [main] c.e.hellospring.HelloSpringApplication   : Started HelloSpringApplication in 3.405 seconds (JVM running for 4.191)
2022-03-03 15:53:23.723  INFO 4452 --- [http-nio-8082-exec-1] o.a.c.c.C.[Tomcat].[localhost].[/]       : Initializing Spring DispatcherServlet 'dispatcherServlet'
2022-03-03 15:53:23.724  INFO 4452 --- [http-nio-8082-exec-1] o.s.web.servlet.DispatcherServlet        : Initializing Servlet 'dispatcherServlet'
2022-03-03 15:53:23.726  INFO 4452 --- [http-nio-8082-exec-1] o.s.web.servlet.DispatcherServlet        : Completed initialization in 1 ms
2022-03-03 15:55:04.527  INFO 4452 --- [http-nio-8082-exec-7] c.e.hellospring.hodim.HodimResource      : Malumot Keldi [com.example.hellospring.hodim.Hodim@3b8e5bae, com.example.hellospring.hodim.Hodim@566d0cda, com.example.hellospring.hodim.Hodim@390e6e2d, com.example.hellospring.hodim.Hodim@6452812e, com.example.hellospring.hodim.Hodim@219d27c]
2022-03-03 15:55:10.760  INFO 4452 --- [http-nio-8082-exec-8] c.e.hellospring.hodim.HodimResource      : Malumot Keldi [com.example.hellospring.hodim.Hodim@14adec95, com.example.hellospring.hodim.Hodim@77848707, com.example.hellospring.hodim.Hodim@2573bacf, com.example.hellospring.hodim.Hodim@fb08ffd, com.example.hellospring.hodim.Hodim@748213da]
2022-03-03 15:57:15.423  INFO 4452 --- [SpringApplicationShutdownHook] j.LocalContainerEntityManagerFactoryBean : Closing JPA EntityManagerFactory for persistence unit 'default'
2022-03-03 15:57:15.425  INFO 4452 --- [SpringApplicationShutdownHook] com.zaxxer.hikari.HikariDataSource       : HikariPool-1 - Shutdown initiated...
2022-03-03 15:57:15.432  INFO 4452 --- [SpringApplicationShutdownHook] com.zaxxer.hikari.HikariDataSource       : HikariPool-1 - Shutdown completed.
2022-03-03 15:57:19.470  INFO 4776 --- [main] c.e.hellospring.HelloSpringApplication   : Starting HelloSpringApplication using Java 11.0.2 on Yahda with PID 4776 (D:\Bahodir\projects\helloSpring\target\classes started by yahyo in D:\Bahodir\projects\helloSpring)
2022-03-03 15:57:19.470 DEBUG 4776 --- [main] c.e.hellospring.HelloSpringApplication   : Running with Spring Boot v2.6.4, Spring v5.3.16
2022-03-03 15:57:19.470  INFO 4776 --- [main] c.e.hellospring.HelloSpringApplication   : No active profile set, falling back to 1 default profile: "default"
2022-03-03 15:57:20.037  INFO 4776 --- [main] .s.d.r.c.RepositoryConfigurationDelegate : Bootstrapping Spring Data JPA repositories in DEFAULT mode.
2022-03-03 15:57:20.071  INFO 4776 --- [main] .s.d.r.c.RepositoryConfigurationDelegate : Finished Spring Data repository scanning in 29 ms. Found 1 JPA repository interfaces.
2022-03-03 15:57:20.462  INFO 4776 --- [main] o.s.b.w.embedded.tomcat.TomcatWebServer  : Tomcat initialized with port(s): 8082 (http)
2022-03-03 15:57:20.470  INFO 4776 --- [main] o.apache.catalina.core.StandardService   : Starting service [Tomcat]
2022-03-03 15:57:20.470  INFO 4776 --- [main] org.apache.catalina.core.StandardEngine  : Starting Servlet engine: [Apache Tomcat/9.0.58]
2022-03-03 15:57:20.577  INFO 4776 --- [main] o.a.c.c.C.[Tomcat].[localhost].[/]       : Initializing Spring embedded WebApplicationContext
2022-03-03 15:57:20.577  INFO 4776 --- [main] w.s.c.ServletWebServerApplicationContext : Root WebApplicationContext: initialization completed in 1062 ms
2022-03-03 15:57:20.747  INFO 4776 --- [main] o.hibernate.jpa.internal.util.LogHelper  : HHH000204: Processing PersistenceUnitInfo [name: default]
2022-03-03 15:57:20.780  INFO 4776 --- [main] org.hibernate.Version                    : HHH000412: Hibernate ORM core version 5.6.5.Final
2022-03-03 15:57:20.878  INFO 4776 --- [main] o.hibernate.annotations.common.Version   : HCANN000001: Hibernate Commons Annotations {5.1.2.Final}
2022-03-03 15:57:20.948  INFO 4776 --- [main] com.zaxxer.hikari.HikariDataSource       : HikariPool-1 - Starting...
2022-03-03 15:57:21.076  INFO 4776 --- [main] com.zaxxer.hikari.HikariDataSource       : HikariPool-1 - Start completed.
2022-03-03 15:57:21.086  INFO 4776 --- [main] org.hibernate.dialect.Dialect            : HHH000400: Using dialect: org.hibernate.dialect.PostgreSQLDialect
2022-03-03 15:57:21.442  INFO 4776 --- [main] o.h.e.t.j.p.i.JtaPlatformInitiator       : HHH000490: Using JtaPlatform implementation: [org.hibernate.engine.transaction.jta.platform.internal.NoJtaPlatform]
2022-03-03 15:57:21.450  INFO 4776 --- [main] j.LocalContainerEntityManagerFactoryBean : Initialized JPA EntityManagerFactory for persistence unit 'default'
2022-03-03 15:57:21.488  WARN 4776 --- [main] JpaBaseConfiguration$JpaWebConfiguration : spring.jpa.open-in-view is enabled by default. Therefore, database queries may be performed during view rendering. Explicitly configure spring.jpa.open-in-view to disable this warning
2022-03-03 15:57:21.746 TRACE 4776 --- [main] c.e.h.config.SecurityConfiguration       : trace
2022-03-03 15:57:22.022  INFO 4776 --- [main] o.s.s.web.DefaultSecurityFilterChain     : Will not secure any request
2022-03-03 15:57:22.275  INFO 4776 --- [main] o.s.b.w.embedded.tomcat.TomcatWebServer  : Tomcat started on port(s): 8082 (http) with context path ''
2022-03-03 15:57:22.285  INFO 4776 --- [main] c.e.hellospring.HelloSpringApplication   : Started HelloSpringApplication in 3.196 seconds (JVM running for 3.893)
2022-03-03 15:57:42.936  INFO 4776 --- [http-nio-8082-exec-1] o.a.c.c.C.[Tomcat].[localhost].[/]       : Initializing Spring DispatcherServlet 'dispatcherServlet'
2022-03-03 15:57:42.937  INFO 4776 --- [http-nio-8082-exec-1] o.s.web.servlet.DispatcherServlet        : Initializing Servlet 'dispatcherServlet'
2022-03-03 15:57:42.938  INFO 4776 --- [http-nio-8082-exec-1] o.s.web.servlet.DispatcherServlet        : Completed initialization in 1 ms
2022-03-03 15:57:43.340  INFO 4776 --- [http-nio-8082-exec-1] c.e.hellospring.hodim.HodimResource      : Malumot Keldi [com.example.hellospring.hodim.Hodim@1005a99f, com.example.hellospring.hodim.Hodim@76bdef29, com.example.hellospring.hodim.Hodim@389df40e, com.example.hellospring.hodim.Hodim@53ac5924, com.example.hellospring.hodim.Hodim@518ec1ea]
2022-03-03 15:59:16.007  INFO 4776 --- [http-nio-8082-exec-10] c.e.hellospring.hodim.HodimResource      : Malumot Keldi [com.example.hellospring.hodim.Hodim@51d28d33, com.example.hellospring.hodim.Hodim@235df26e, com.example.hellospring.hodim.Hodim@57956b, com.example.hellospring.hodim.Hodim@31252545, com.example.hellospring.hodim.Hodim@745b8d47]
2022-03-03 15:59:25.186  INFO 4776 --- [SpringApplicationShutdownHook] j.LocalContainerEntityManagerFactoryBean : Closing JPA EntityManagerFactory for persistence unit 'default'
2022-03-03 15:59:25.188  INFO 4776 --- [SpringApplicationShutdownHook] com.zaxxer.hikari.HikariDataSource       : HikariPool-1 - Shutdown initiated...
2022-03-03 15:59:25.193  INFO 4776 --- [SpringApplicationShutdownHook] com.zaxxer.hikari.HikariDataSource       : HikariPool-1 - Shutdown completed.
2022-03-03 15:59:27.996  INFO 9668 --- [main] c.e.hellospring.HelloSpringApplication   : Starting HelloSpringApplication using Java 11.0.2 on Yahda with PID 9668 (D:\Bahodir\projects\helloSpring\target\classes started by yahyo in D:\Bahodir\projects\helloSpring)
2022-03-03 15:59:27.998 DEBUG 9668 --- [main] c.e.hellospring.HelloSpringApplication   : Running with Spring Boot v2.6.4, Spring v5.3.16
2022-03-03 15:59:27.998  INFO 9668 --- [main] c.e.hellospring.HelloSpringApplication   : No active profile set, falling back to 1 default profile: "default"
2022-03-03 15:59:28.626  INFO 9668 --- [main] .s.d.r.c.RepositoryConfigurationDelegate : Bootstrapping Spring Data JPA repositories in DEFAULT mode.
2022-03-03 15:59:28.667  INFO 9668 --- [main] .s.d.r.c.RepositoryConfigurationDelegate : Finished Spring Data repository scanning in 33 ms. Found 1 JPA repository interfaces.
2022-03-03 15:59:29.075  INFO 9668 --- [main] o.s.b.w.embedded.tomcat.TomcatWebServer  : Tomcat initialized with port(s): 8082 (http)
2022-03-03 15:59:29.082  INFO 9668 --- [main] o.apache.catalina.core.StandardService   : Starting service [Tomcat]
2022-03-03 15:59:29.082  INFO 9668 --- [main] org.apache.catalina.core.StandardEngine  : Starting Servlet engine: [Apache Tomcat/9.0.58]
2022-03-03 15:59:29.162  INFO 9668 --- [main] o.a.c.c.C.[Tomcat].[localhost].[/]       : Initializing Spring embedded WebApplicationContext
2022-03-03 15:59:29.162  INFO 9668 --- [main] w.s.c.ServletWebServerApplicationContext : Root WebApplicationContext: initialization completed in 1120 ms
2022-03-03 15:59:29.302  INFO 9668 --- [main] o.hibernate.jpa.internal.util.LogHelper  : HHH000204: Processing PersistenceUnitInfo [name: default]
2022-03-03 15:59:29.331  INFO 9668 --- [main] org.hibernate.Version                    : HHH000412: Hibernate ORM core version 5.6.5.Final
2022-03-03 15:59:29.418  INFO 9668 --- [main] o.hibernate.annotations.common.Version   : HCANN000001: Hibernate Commons Annotations {5.1.2.Final}
2022-03-03 15:59:29.480  INFO 9668 --- [main] com.zaxxer.hikari.HikariDataSource       : HikariPool-1 - Starting...
2022-03-03 15:59:29.602  INFO 9668 --- [main] com.zaxxer.hikari.HikariDataSource       : HikariPool-1 - Start completed.
2022-03-03 15:59:29.612  INFO 9668 --- [main] org.hibernate.dialect.Dialect            : HHH000400: Using dialect: org.hibernate.dialect.PostgreSQLDialect
2022-03-03 15:59:29.967  INFO 9668 --- [main] o.h.e.t.j.p.i.JtaPlatformInitiator       : HHH000490: Using JtaPlatform implementation: [org.hibernate.engine.transaction.jta.platform.internal.NoJtaPlatform]
2022-03-03 15:59:29.974  INFO 9668 --- [main] j.LocalContainerEntityManagerFactoryBean : Initialized JPA EntityManagerFactory for persistence unit 'default'
2022-03-03 15:59:30.012  WARN 9668 --- [main] JpaBaseConfiguration$JpaWebConfiguration : spring.jpa.open-in-view is enabled by default. Therefore, database queries may be performed during view rendering. Explicitly configure spring.jpa.open-in-view to disable this warning
2022-03-03 15:59:30.256 TRACE 9668 --- [main] c.e.h.config.SecurityConfiguration       : trace
2022-03-03 15:59:30.527  INFO 9668 --- [main] o.s.s.web.DefaultSecurityFilterChain     : Will not secure any request
2022-03-03 15:59:30.776  INFO 9668 --- [main] o.s.b.w.embedded.tomcat.TomcatWebServer  : Tomcat started on port(s): 8082 (http) with context path ''
2022-03-03 15:59:30.786  INFO 9668 --- [main] c.e.hellospring.HelloSpringApplication   : Started HelloSpringApplication in 3.268 seconds (JVM running for 4.091)
2022-03-03 16:00:02.820  INFO 9668 --- [SpringApplicationShutdownHook] j.LocalContainerEntityManagerFactoryBean : Closing JPA EntityManagerFactory for persistence unit 'default'
2022-03-03 16:00:02.822  INFO 9668 --- [SpringApplicationShutdownHook] com.zaxxer.hikari.HikariDataSource       : HikariPool-1 - Shutdown initiated...
2022-03-03 16:00:02.827  INFO 9668 --- [SpringApplicationShutdownHook] com.zaxxer.hikari.HikariDataSource       : HikariPool-1 - Shutdown completed.
2022-03-03 16:00:07.151  INFO 12780 --- [main] c.e.hellospring.HelloSpringApplication   : Starting HelloSpringApplication using Java 11.0.2 on Yahda with PID 12780 (D:\Bahodir\projects\helloSpring\target\classes started by yahyo in D:\Bahodir\projects\helloSpring)
2022-03-03 16:00:07.153 DEBUG 12780 --- [main] c.e.hellospring.HelloSpringApplication   : Running with Spring Boot v2.6.4, Spring v5.3.16
2022-03-03 16:00:07.154  INFO 12780 --- [main] c.e.hellospring.HelloSpringApplication   : No active profile set, falling back to 1 default profile: "default"
2022-03-03 16:00:07.692  INFO 12780 --- [main] .s.d.r.c.RepositoryConfigurationDelegate : Bootstrapping Spring Data JPA repositories in DEFAULT mode.
2022-03-03 16:00:07.727  INFO 12780 --- [main] .s.d.r.c.RepositoryConfigurationDelegate : Finished Spring Data repository scanning in 28 ms. Found 1 JPA repository interfaces.
2022-03-03 16:00:08.102  INFO 12780 --- [main] o.s.b.w.embedded.tomcat.TomcatWebServer  : Tomcat initialized with port(s): 8082 (http)
2022-03-03 16:00:08.108  INFO 12780 --- [main] o.apache.catalina.core.StandardService   : Starting service [Tomcat]
2022-03-03 16:00:08.109  INFO 12780 --- [main] org.apache.catalina.core.StandardEngine  : Starting Servlet engine: [Apache Tomcat/9.0.58]
2022-03-03 16:00:08.199  INFO 12780 --- [main] o.a.c.c.C.[Tomcat].[localhost].[/]       : Initializing Spring embedded WebApplicationContext
2022-03-03 16:00:08.199  INFO 12780 --- [main] w.s.c.ServletWebServerApplicationContext : Root WebApplicationContext: initialization completed in 990 ms
2022-03-03 16:00:08.368  INFO 12780 --- [main] o.hibernate.jpa.internal.util.LogHelper  : HHH000204: Processing PersistenceUnitInfo [name: default]
2022-03-03 16:00:08.402  INFO 12780 --- [main] org.hibernate.Version                    : HHH000412: Hibernate ORM core version 5.6.5.Final
2022-03-03 16:00:08.506  INFO 12780 --- [main] o.hibernate.annotations.common.Version   : HCANN000001: Hibernate Commons Annotations {5.1.2.Final}
2022-03-03 16:00:08.578  INFO 12780 --- [main] com.zaxxer.hikari.HikariDataSource       : HikariPool-1 - Starting...
2022-03-03 16:00:08.811  INFO 12780 --- [main] com.zaxxer.hikari.HikariDataSource       : HikariPool-1 - Start completed.
2022-03-03 16:00:08.822  INFO 12780 --- [main] org.hibernate.dialect.Dialect            : HHH000400: Using dialect: org.hibernate.dialect.PostgreSQLDialect
2022-03-03 16:00:09.225  INFO 12780 --- [main] o.h.e.t.j.p.i.JtaPlatformInitiator       : HHH000490: Using JtaPlatform implementation: [org.hibernate.engine.transaction.jta.platform.internal.NoJtaPlatform]
2022-03-03 16:00:09.232  INFO 12780 --- [main] j.LocalContainerEntityManagerFactoryBean : Initialized JPA EntityManagerFactory for persistence unit 'default'
2022-03-03 16:00:09.271  WARN 12780 --- [main] JpaBaseConfiguration$JpaWebConfiguration : spring.jpa.open-in-view is enabled by default. Therefore, database queries may be performed during view rendering. Explicitly configure spring.jpa.open-in-view to disable this warning
2022-03-03 16:00:09.539 TRACE 12780 --- [main] c.e.h.config.SecurityConfiguration       : trace
2022-03-03 16:00:09.818  INFO 12780 --- [main] o.s.s.web.DefaultSecurityFilterChain     : Will not secure any request
2022-03-03 16:00:10.089  INFO 12780 --- [main] o.s.b.w.embedded.tomcat.TomcatWebServer  : Tomcat started on port(s): 8082 (http) with context path ''
2022-03-03 16:00:10.099  INFO 12780 --- [main] c.e.hellospring.HelloSpringApplication   : Started HelloSpringApplication in 3.308 seconds (JVM running for 4.018)
2022-03-03 16:00:18.595  INFO 12780 --- [http-nio-8082-exec-1] o.a.c.c.C.[Tomcat].[localhost].[/]       : Initializing Spring DispatcherServlet 'dispatcherServlet'
2022-03-03 16:00:18.595  INFO 12780 --- [http-nio-8082-exec-1] o.s.web.servlet.DispatcherServlet        : Initializing Servlet 'dispatcherServlet'
2022-03-03 16:00:18.596  INFO 12780 --- [http-nio-8082-exec-1] o.s.web.servlet.DispatcherServlet        : Completed initialization in 1 ms
2022-03-03 16:00:19.004  INFO 12780 --- [http-nio-8082-exec-1] c.e.hellospring.hodim.HodimResource      : Malumot Keldi [com.example.hellospring.hodim.Hodim@4e5204da, com.example.hellospring.hodim.Hodim@5afcf11c, com.example.hellospring.hodim.Hodim@d152ffe, com.example.hellospring.hodim.Hodim@21cd2b24, com.example.hellospring.hodim.Hodim@7fec08cd]
2022-03-03 16:03:18.644  INFO 12780 --- [http-nio-8082-exec-9] c.e.hellospring.hodim.HodimResource      : Malumot Keldi [com.example.hellospring.hodim.Hodim@20642915, com.example.hellospring.hodim.Hodim@7f038a79, com.example.hellospring.hodim.Hodim@4cd1d3f5, com.example.hellospring.hodim.Hodim@6d551381, com.example.hellospring.hodim.Hodim@6c78b3bf]
2022-03-03 16:07:54.924  INFO 12780 --- [SpringApplicationShutdownHook] j.LocalContainerEntityManagerFactoryBean : Closing JPA EntityManagerFactory for persistence unit 'default'
2022-03-03 16:07:54.926  INFO 12780 --- [SpringApplicationShutdownHook] com.zaxxer.hikari.HikariDataSource       : HikariPool-1 - Shutdown initiated...
2022-03-03 16:07:54.933  INFO 12780 --- [SpringApplicationShutdownHook] com.zaxxer.hikari.HikariDataSource       : HikariPool-1 - Shutdown completed.
2022-03-03 16:07:57.869  INFO 12704 --- [main] c.e.hellospring.HelloSpringApplication   : Starting HelloSpringApplication using Java 11.0.2 on Yahda with PID 12704 (D:\Bahodir\projects\helloSpring\target\classes started by yahyo in D:\Bahodir\projects\helloSpring)
2022-03-03 16:07:57.870 DEBUG 12704 --- [main] c.e.hellospring.HelloSpringApplication   : Running with Spring Boot v2.6.4, Spring v5.3.16
2022-03-03 16:07:57.871  INFO 12704 --- [main] c.e.hellospring.HelloSpringApplication   : No active profile set, falling back to 1 default profile: "default"
2022-03-03 16:07:58.467  INFO 12704 --- [main] .s.d.r.c.RepositoryConfigurationDelegate : Bootstrapping Spring Data JPA repositories in DEFAULT mode.
2022-03-03 16:07:58.503  INFO 12704 --- [main] .s.d.r.c.RepositoryConfigurationDelegate : Finished Spring Data repository scanning in 29 ms. Found 1 JPA repository interfaces.
2022-03-03 16:07:58.901  INFO 12704 --- [main] o.s.b.w.embedded.tomcat.TomcatWebServer  : Tomcat initialized with port(s): 8082 (http)
2022-03-03 16:07:58.907  INFO 12704 --- [main] o.apache.catalina.core.StandardService   : Starting service [Tomcat]
2022-03-03 16:07:58.908  INFO 12704 --- [main] org.apache.catalina.core.StandardEngine  : Starting Servlet engine: [Apache Tomcat/9.0.58]
2022-03-03 16:07:59.000  INFO 12704 --- [main] o.a.c.c.C.[Tomcat].[localhost].[/]       : Initializing Spring embedded WebApplicationContext
2022-03-03 16:07:59.000  INFO 12704 --- [main] w.s.c.ServletWebServerApplicationContext : Root WebApplicationContext: initialization completed in 1084 ms
2022-03-03 16:07:59.259  INFO 12704 --- [main] o.hibernate.jpa.internal.util.LogHelper  : HHH000204: Processing PersistenceUnitInfo [name: default]
2022-03-03 16:07:59.291  INFO 12704 --- [main] org.hibernate.Version                    : HHH000412: Hibernate ORM core version 5.6.5.Final
2022-03-03 16:07:59.398  INFO 12704 --- [main] o.hibernate.annotations.common.Version   : HCANN000001: Hibernate Commons Annotations {5.1.2.Final}
2022-03-03 16:07:59.472  INFO 12704 --- [main] com.zaxxer.hikari.HikariDataSource       : HikariPool-1 - Starting...
2022-03-03 16:07:59.610  INFO 12704 --- [main] com.zaxxer.hikari.HikariDataSource       : HikariPool-1 - Start completed.
2022-03-03 16:07:59.622  INFO 12704 --- [main] org.hibernate.dialect.Dialect            : HHH000400: Using dialect: org.hibernate.dialect.PostgreSQLDialect
2022-03-03 16:08:00.020  INFO 12704 --- [main] o.h.e.t.j.p.i.JtaPlatformInitiator       : HHH000490: Using JtaPlatform implementation: [org.hibernate.engine.transaction.jta.platform.internal.NoJtaPlatform]
2022-03-03 16:08:00.026  INFO 12704 --- [main] j.LocalContainerEntityManagerFactoryBean : Initialized JPA EntityManagerFactory for persistence unit 'default'
2022-03-03 16:08:00.058  WARN 12704 --- [main] JpaBaseConfiguration$JpaWebConfiguration : spring.jpa.open-in-view is enabled by default. Therefore, database queries may be performed during view rendering. Explicitly configure spring.jpa.open-in-view to disable this warning
2022-03-03 16:08:00.334 TRACE 12704 --- [main] c.e.h.config.SecurityConfiguration       : trace
2022-03-03 16:08:00.631  INFO 12704 --- [main] o.s.s.web.DefaultSecurityFilterChain     : Will not secure any request
2022-03-03 16:08:00.910  INFO 12704 --- [main] o.s.b.w.embedded.tomcat.TomcatWebServer  : Tomcat started on port(s): 8082 (http) with context path ''
2022-03-03 16:08:00.922  INFO 12704 --- [main] c.e.hellospring.HelloSpringApplication   : Started HelloSpringApplication in 3.478 seconds (JVM running for 4.196)
2022-03-03 16:08:14.681  INFO 12704 --- [http-nio-8082-exec-2] o.a.c.c.C.[Tomcat].[localhost].[/]       : Initializing Spring DispatcherServlet 'dispatcherServlet'
2022-03-03 16:08:14.682  INFO 12704 --- [http-nio-8082-exec-2] o.s.web.servlet.DispatcherServlet        : Initializing Servlet 'dispatcherServlet'
2022-03-03 16:08:14.683  INFO 12704 --- [http-nio-8082-exec-2] o.s.web.servlet.DispatcherServlet        : Completed initialization in 1 ms
2022-03-03 16:08:36.238  INFO 12704 --- [http-nio-8082-exec-3] c.e.hellospring.hodim.HodimResource      : Malumot Keldi [com.example.hellospring.hodim.Hodim@3822ca4c, com.example.hellospring.hodim.Hodim@3f59d304, com.example.hellospring.hodim.Hodim@91245a6, com.example.hellospring.hodim.Hodim@76df1e4, com.example.hellospring.hodim.Hodim@19bb8b92]
2022-03-03 16:13:50.639  INFO 12704 --- [http-nio-8082-exec-5] c.e.hellospring.hodim.HodimResource      : Malumotga ruhsat soralmeydi [com.example.hellospring.hodim.Hodim@27c1d8f0, com.example.hellospring.hodim.Hodim@1646bb65, com.example.hellospring.hodim.Hodim@16ac59ec, com.example.hellospring.hodim.Hodim@6ec164cf, com.example.hellospring.hodim.Hodim@47ee27bf]
2022-03-03 16:13:57.443  INFO 12704 --- [http-nio-8082-exec-6] c.e.hellospring.hodim.HodimResource      : Malumot Keldi [com.example.hellospring.hodim.Hodim@6c4efc1c, com.example.hellospring.hodim.Hodim@4c3a50a3, com.example.hellospring.hodim.Hodim@1cb7f8d7, com.example.hellospring.hodim.Hodim@35e54dd3, com.example.hellospring.hodim.Hodim@13233cd7]
2022-03-03 16:15:30.661  INFO 12704 --- [SpringApplicationShutdownHook] j.LocalContainerEntityManagerFactoryBean : Closing JPA EntityManagerFactory for persistence unit 'default'
2022-03-03 16:15:30.664  INFO 12704 --- [SpringApplicationShutdownHook] com.zaxxer.hikari.HikariDataSource       : HikariPool-1 - Shutdown initiated...
2022-03-03 16:15:30.669  INFO 12704 --- [SpringApplicationShutdownHook] com.zaxxer.hikari.HikariDataSource       : HikariPool-1 - Shutdown completed.
2022-03-03 16:15:34.871  INFO 12792 --- [main] c.e.hellospring.HelloSpringApplication   : Starting HelloSpringApplication using Java 11.0.2 on Yahda with PID 12792 (D:\Bahodir\projects\helloSpring\target\classes started by yahyo in D:\Bahodir\projects\helloSpring)
2022-03-03 16:15:34.873 DEBUG 12792 --- [main] c.e.hellospring.HelloSpringApplication   : Running with Spring Boot v2.6.4, Spring v5.3.16
2022-03-03 16:15:34.874  INFO 12792 --- [main] c.e.hellospring.HelloSpringApplication   : No active profile set, falling back to 1 default profile: "default"
2022-03-03 16:15:35.485  INFO 12792 --- [main] .s.d.r.c.RepositoryConfigurationDelegate : Bootstrapping Spring Data JPA repositories in DEFAULT mode.
2022-03-03 16:15:35.522  INFO 12792 --- [main] .s.d.r.c.RepositoryConfigurationDelegate : Finished Spring Data repository scanning in 30 ms. Found 1 JPA repository interfaces.
2022-03-03 16:15:35.919  INFO 12792 --- [main] o.s.b.w.embedded.tomcat.TomcatWebServer  : Tomcat initialized with port(s): 8082 (http)
2022-03-03 16:15:35.926  INFO 12792 --- [main] o.apache.catalina.core.StandardService   : Starting service [Tomcat]
2022-03-03 16:15:35.926  INFO 12792 --- [main] org.apache.catalina.core.StandardEngine  : Starting Servlet engine: [Apache Tomcat/9.0.58]
2022-03-03 16:15:36.022  INFO 12792 --- [main] o.a.c.c.C.[Tomcat].[localhost].[/]       : Initializing Spring embedded WebApplicationContext
2022-03-03 16:15:36.022  INFO 12792 --- [main] w.s.c.ServletWebServerApplicationContext : Root WebApplicationContext: initialization completed in 1100 ms
2022-03-03 16:15:36.165  INFO 12792 --- [main] o.hibernate.jpa.internal.util.LogHelper  : HHH000204: Processing PersistenceUnitInfo [name: default]
2022-03-03 16:15:36.197  INFO 12792 --- [main] org.hibernate.Version                    : HHH000412: Hibernate ORM core version 5.6.5.Final
2022-03-03 16:15:36.293  INFO 12792 --- [main] o.hibernate.annotations.common.Version   : HCANN000001: Hibernate Commons Annotations {5.1.2.Final}
2022-03-03 16:15:36.355  INFO 12792 --- [main] com.zaxxer.hikari.HikariDataSource       : HikariPool-1 - Starting...
2022-03-03 16:15:36.484  INFO 12792 --- [main] com.zaxxer.hikari.HikariDataSource       : HikariPool-1 - Start completed.
2022-03-03 16:15:36.494  INFO 12792 --- [main] org.hibernate.dialect.Dialect            : HHH000400: Using dialect: org.hibernate.dialect.PostgreSQLDialect
2022-03-03 16:15:36.852  INFO 12792 --- [main] o.h.e.t.j.p.i.JtaPlatformInitiator       : HHH000490: Using JtaPlatform implementation: [org.hibernate.engine.transaction.jta.platform.internal.NoJtaPlatform]
2022-03-03 16:15:36.858  INFO 12792 --- [main] j.LocalContainerEntityManagerFactoryBean : Initialized JPA EntityManagerFactory for persistence unit 'default'
2022-03-03 16:15:36.896  WARN 12792 --- [main] JpaBaseConfiguration$JpaWebConfiguration : spring.jpa.open-in-view is enabled by default. Therefore, database queries may be performed during view rendering. Explicitly configure spring.jpa.open-in-view to disable this warning
2022-03-03 16:15:37.141 TRACE 12792 --- [main] c.e.h.config.SecurityConfiguration       : trace
2022-03-03 16:15:37.421  INFO 12792 --- [main] o.s.s.web.DefaultSecurityFilterChain     : Will not secure any request
2022-03-03 16:15:37.691  INFO 12792 --- [main] o.s.b.w.embedded.tomcat.TomcatWebServer  : Tomcat started on port(s): 8082 (http) with context path ''
2022-03-03 16:15:37.702  INFO 12792 --- [main] c.e.hellospring.HelloSpringApplication   : Started HelloSpringApplication in 3.266 seconds (JVM running for 4.289)
2022-03-03 16:15:46.124  INFO 12792 --- [http-nio-8082-exec-1] o.a.c.c.C.[Tomcat].[localhost].[/]       : Initializing Spring DispatcherServlet 'dispatcherServlet'
2022-03-03 16:15:46.125  INFO 12792 --- [http-nio-8082-exec-1] o.s.web.servlet.DispatcherServlet        : Initializing Servlet 'dispatcherServlet'
2022-03-03 16:15:46.126  INFO 12792 --- [http-nio-8082-exec-1] o.s.web.servlet.DispatcherServlet        : Completed initialization in 1 ms
2022-03-03 16:15:49.864  INFO 12792 --- [http-nio-8082-exec-2] c.e.hellospring.hodim.HodimResource      : Malumotga ruhsat soralmeydi [com.example.hellospring.hodim.Hodim@15755a27, com.example.hellospring.hodim.Hodim@4049f0c8, com.example.hellospring.hodim.Hodim@36408175, com.example.hellospring.hodim.Hodim@5bab8928, com.example.hellospring.hodim.Hodim@930fef]
2022-03-03 16:15:50.681  INFO 12792 --- [http-nio-8082-exec-3] c.e.hellospring.hodim.HodimResource      : Malumotga ruhsat soralmeydi [com.example.hellospring.hodim.Hodim@294071fe, com.example.hellospring.hodim.Hodim@1b030c2d, com.example.hellospring.hodim.Hodim@18a3ffdb, com.example.hellospring.hodim.Hodim@630adcaf, com.example.hellospring.hodim.Hodim@496f8eb1]
2022-03-03 16:15:54.342  INFO 12792 --- [http-nio-8082-exec-4] c.e.hellospring.hodim.HodimResource      : Malumot Keldi [com.example.hellospring.hodim.Hodim@1fe61a2d, com.example.hellospring.hodim.Hodim@286e7a68, com.example.hellospring.hodim.Hodim@2eb384d3, com.example.hellospring.hodim.Hodim@50d1ba27, com.example.hellospring.hodim.Hodim@1688e083]
2022-03-03 16:17:53.611  WARN 12792 --- [http-nio-8082-exec-2] .w.s.m.s.DefaultHandlerExceptionResolver : Resolved [org.springframework.web.bind.MissingServletRequestParameterException: Required request parameter 'name' for method parameter type String is not present]
2022-03-03 16:18:21.328  INFO 12792 --- [SpringApplicationShutdownHook] j.LocalContainerEntityManagerFactoryBean : Closing JPA EntityManagerFactory for persistence unit 'default'
2022-03-03 16:18:21.330  INFO 12792 --- [SpringApplicationShutdownHook] com.zaxxer.hikari.HikariDataSource       : HikariPool-1 - Shutdown initiated...
2022-03-03 16:18:21.334  INFO 12792 --- [SpringApplicationShutdownHook] com.zaxxer.hikari.HikariDataSource       : HikariPool-1 - Shutdown completed.
2022-03-03 16:18:25.668  INFO 8804 --- [main] c.e.hellospring.HelloSpringApplication   : Starting HelloSpringApplication using Java 11.0.2 on Yahda with PID 8804 (D:\Bahodir\projects\helloSpring\target\classes started by yahyo in D:\Bahodir\projects\helloSpring)
2022-03-03 16:18:25.668 DEBUG 8804 --- [main] c.e.hellospring.HelloSpringApplication   : Running with Spring Boot v2.6.4, Spring v5.3.16
2022-03-03 16:18:25.668  INFO 8804 --- [main] c.e.hellospring.HelloSpringApplication   : No active profile set, falling back to 1 default profile: "default"
2022-03-03 16:18:26.615  INFO 8804 --- [main] .s.d.r.c.RepositoryConfigurationDelegate : Bootstrapping Spring Data JPA repositories in DEFAULT mode.
2022-03-03 16:18:26.669  INFO 8804 --- [main] .s.d.r.c.RepositoryConfigurationDelegate : Finished Spring Data repository scanning in 44 ms. Found 1 JPA repository interfaces.
2022-03-03 16:18:27.383  INFO 8804 --- [main] o.s.b.w.embedded.tomcat.TomcatWebServer  : Tomcat initialized with port(s): 8082 (http)
2022-03-03 16:18:27.391  INFO 8804 --- [main] o.apache.catalina.core.StandardService   : Starting service [Tomcat]
2022-03-03 16:18:27.391  INFO 8804 --- [main] org.apache.catalina.core.StandardEngine  : Starting Servlet engine: [Apache Tomcat/9.0.58]
2022-03-03 16:18:27.487  INFO 8804 --- [main] o.a.c.c.C.[Tomcat].[localhost].[/]       : Initializing Spring embedded WebApplicationContext
2022-03-03 16:18:27.487  INFO 8804 --- [main] w.s.c.ServletWebServerApplicationContext : Root WebApplicationContext: initialization completed in 1764 ms
2022-03-03 16:18:27.640  INFO 8804 --- [main] o.hibernate.jpa.internal.util.LogHelper  : HHH000204: Processing PersistenceUnitInfo [name: default]
2022-03-03 16:18:27.670  INFO 8804 --- [main] org.hibernate.Version                    : HHH000412: Hibernate ORM core version 5.6.5.Final
2022-03-03 16:18:27.760  INFO 8804 --- [main] o.hibernate.annotations.common.Version   : HCANN000001: Hibernate Commons Annotations {5.1.2.Final}
2022-03-03 16:18:27.826  INFO 8804 --- [main] com.zaxxer.hikari.HikariDataSource       : HikariPool-1 - Starting...
2022-03-03 16:18:27.953  INFO 8804 --- [main] com.zaxxer.hikari.HikariDataSource       : HikariPool-1 - Start completed.
2022-03-03 16:18:27.963  INFO 8804 --- [main] org.hibernate.dialect.Dialect            : HHH000400: Using dialect: org.hibernate.dialect.PostgreSQLDialect
2022-03-03 16:18:28.341  INFO 8804 --- [main] o.h.e.t.j.p.i.JtaPlatformInitiator       : HHH000490: Using JtaPlatform implementation: [org.hibernate.engine.transaction.jta.platform.internal.NoJtaPlatform]
2022-03-03 16:18:28.348  INFO 8804 --- [main] j.LocalContainerEntityManagerFactoryBean : Initialized JPA EntityManagerFactory for persistence unit 'default'
2022-03-03 16:18:28.395  WARN 8804 --- [main] JpaBaseConfiguration$JpaWebConfiguration : spring.jpa.open-in-view is enabled by default. Therefore, database queries may be performed during view rendering. Explicitly configure spring.jpa.open-in-view to disable this warning
2022-03-03 16:18:28.802 TRACE 8804 --- [main] c.e.h.config.SecurityConfiguration       : trace
2022-03-03 16:18:29.083  INFO 8804 --- [main] o.s.s.web.DefaultSecurityFilterChain     : Will not secure any request
2022-03-03 16:18:29.361  INFO 8804 --- [main] o.s.b.w.embedded.tomcat.TomcatWebServer  : Tomcat started on port(s): 8082 (http) with context path ''
2022-03-03 16:18:29.371  INFO 8804 --- [main] c.e.hellospring.HelloSpringApplication   : Started HelloSpringApplication in 4.066 seconds (JVM running for 4.868)
2022-03-03 16:18:29.435  INFO 8804 --- [SpringApplicationShutdownHook] j.LocalContainerEntityManagerFactoryBean : Closing JPA EntityManagerFactory for persistence unit 'default'
2022-03-03 16:18:29.437  INFO 8804 --- [SpringApplicationShutdownHook] com.zaxxer.hikari.HikariDataSource       : HikariPool-1 - Shutdown initiated...
2022-03-03 16:18:29.443  INFO 8804 --- [SpringApplicationShutdownHook] com.zaxxer.hikari.HikariDataSource       : HikariPool-1 - Shutdown completed.
2022-03-03 16:18:33.295  INFO 9328 --- [main] c.e.hellospring.HelloSpringApplication   : Starting HelloSpringApplication using Java 11.0.2 on Yahda with PID 9328 (D:\Bahodir\projects\helloSpring\target\classes started by yahyo in D:\Bahodir\projects\helloSpring)
2022-03-03 16:18:33.298 DEBUG 9328 --- [main] c.e.hellospring.HelloSpringApplication   : Running with Spring Boot v2.6.4, Spring v5.3.16
2022-03-03 16:18:33.298  INFO 9328 --- [main] c.e.hellospring.HelloSpringApplication   : No active profile set, falling back to 1 default profile: "default"
2022-03-03 16:18:33.844  INFO 9328 --- [main] .s.d.r.c.RepositoryConfigurationDelegate : Bootstrapping Spring Data JPA repositories in DEFAULT mode.
2022-03-03 16:18:33.879  INFO 9328 --- [main] .s.d.r.c.RepositoryConfigurationDelegate : Finished Spring Data repository scanning in 27 ms. Found 1 JPA repository interfaces.
2022-03-03 16:18:34.242  INFO 9328 --- [main] o.s.b.w.embedded.tomcat.TomcatWebServer  : Tomcat initialized with port(s): 8082 (http)
2022-03-03 16:18:34.249  INFO 9328 --- [main] o.apache.catalina.core.StandardService   : Starting service [Tomcat]
2022-03-03 16:18:34.249  INFO 9328 --- [main] org.apache.catalina.core.StandardEngine  : Starting Servlet engine: [Apache Tomcat/9.0.58]
2022-03-03 16:18:34.322  INFO 9328 --- [main] o.a.c.c.C.[Tomcat].[localhost].[/]       : Initializing Spring embedded WebApplicationContext
2022-03-03 16:18:34.323  INFO 9328 --- [main] w.s.c.ServletWebServerApplicationContext : Root WebApplicationContext: initialization completed in 980 ms
2022-03-03 16:18:34.469  INFO 9328 --- [main] o.hibernate.jpa.internal.util.LogHelper  : HHH000204: Processing PersistenceUnitInfo [name: default]
2022-03-03 16:18:34.500  INFO 9328 --- [main] org.hibernate.Version                    : HHH000412: Hibernate ORM core version 5.6.5.Final
2022-03-03 16:18:34.592  INFO 9328 --- [main] o.hibernate.annotations.common.Version   : HCANN000001: Hibernate Commons Annotations {5.1.2.Final}
2022-03-03 16:18:34.655  INFO 9328 --- [main] com.zaxxer.hikari.HikariDataSource       : HikariPool-1 - Starting...
2022-03-03 16:18:34.780  INFO 9328 --- [main] com.zaxxer.hikari.HikariDataSource       : HikariPool-1 - Start completed.
2022-03-03 16:18:34.791  INFO 9328 --- [main] org.hibernate.dialect.Dialect            : HHH000400: Using dialect: org.hibernate.dialect.PostgreSQLDialect
2022-03-03 16:18:35.145  INFO 9328 --- [main] o.h.e.t.j.p.i.JtaPlatformInitiator       : HHH000490: Using JtaPlatform implementation: [org.hibernate.engine.transaction.jta.platform.internal.NoJtaPlatform]
2022-03-03 16:18:35.151  INFO 9328 --- [main] j.LocalContainerEntityManagerFactoryBean : Initialized JPA EntityManagerFactory for persistence unit 'default'
2022-03-03 16:18:35.187  WARN 9328 --- [main] JpaBaseConfiguration$JpaWebConfiguration : spring.jpa.open-in-view is enabled by default. Therefore, database queries may be performed during view rendering. Explicitly configure spring.jpa.open-in-view to disable this warning
2022-03-03 16:18:35.434 TRACE 9328 --- [main] c.e.h.config.SecurityConfiguration       : trace
2022-03-03 16:18:35.706  INFO 9328 --- [main] o.s.s.web.DefaultSecurityFilterChain     : Will not secure any request
2022-03-03 16:18:35.948  INFO 9328 --- [main] o.s.b.w.embedded.tomcat.TomcatWebServer  : Tomcat started on port(s): 8082 (http) with context path ''
2022-03-03 16:18:35.958  INFO 9328 --- [main] c.e.hellospring.HelloSpringApplication   : Started HelloSpringApplication in 3.048 seconds (JVM running for 3.779)
2022-03-03 16:18:50.189  INFO 9328 --- [http-nio-8082-exec-1] o.a.c.c.C.[Tomcat].[localhost].[/]       : Initializing Spring DispatcherServlet 'dispatcherServlet'
2022-03-03 16:18:50.190  INFO 9328 --- [http-nio-8082-exec-1] o.s.web.servlet.DispatcherServlet        : Initializing Servlet 'dispatcherServlet'
2022-03-03 16:18:50.191  INFO 9328 --- [http-nio-8082-exec-1] o.s.web.servlet.DispatcherServlet        : Completed initialization in 1 ms
2022-03-03 16:19:32.033  WARN 9328 --- [http-nio-8082-exec-5] .w.s.m.s.DefaultHandlerExceptionResolver : Resolved [org.springframework.web.bind.MissingServletRequestParameterException: Required request parameter 'name' for method parameter type String is not present]
2022-03-03 16:19:55.068  INFO 9328 --- [SpringApplicationShutdownHook] j.LocalContainerEntityManagerFactoryBean : Closing JPA EntityManagerFactory for persistence unit 'default'
2022-03-03 16:19:55.070  INFO 9328 --- [SpringApplicationShutdownHook] com.zaxxer.hikari.HikariDataSource       : HikariPool-1 - Shutdown initiated...
2022-03-03 16:19:55.075  INFO 9328 --- [SpringApplicationShutdownHook] com.zaxxer.hikari.HikariDataSource       : HikariPool-1 - Shutdown completed.
2022-03-03 16:19:59.056  INFO 9936 --- [main] c.e.hellospring.HelloSpringApplication   : Starting HelloSpringApplication using Java 11.0.2 on Yahda with PID 9936 (D:\Bahodir\projects\helloSpring\target\classes started by yahyo in D:\Bahodir\projects\helloSpring)
2022-03-03 16:19:59.058 DEBUG 9936 --- [main] c.e.hellospring.HelloSpringApplication   : Running with Spring Boot v2.6.4, Spring v5.3.16
2022-03-03 16:19:59.060  INFO 9936 --- [main] c.e.hellospring.HelloSpringApplication   : No active profile set, falling back to 1 default profile: "default"
2022-03-03 16:19:59.674  INFO 9936 --- [main] .s.d.r.c.RepositoryConfigurationDelegate : Bootstrapping Spring Data JPA repositories in DEFAULT mode.
2022-03-03 16:19:59.718  INFO 9936 --- [main] .s.d.r.c.RepositoryConfigurationDelegate : Finished Spring Data repository scanning in 36 ms. Found 1 JPA repository interfaces.
2022-03-03 16:20:00.200  INFO 9936 --- [main] o.s.b.w.embedded.tomcat.TomcatWebServer  : Tomcat initialized with port(s): 8082 (http)
2022-03-03 16:20:00.208  INFO 9936 --- [main] o.apache.catalina.core.StandardService   : Starting service [Tomcat]
2022-03-03 16:20:00.208  INFO 9936 --- [main] org.apache.catalina.core.StandardEngine  : Starting Servlet engine: [Apache Tomcat/9.0.58]
2022-03-03 16:20:00.292  INFO 9936 --- [main] o.a.c.c.C.[Tomcat].[localhost].[/]       : Initializing Spring embedded WebApplicationContext
2022-03-03 16:20:00.292  INFO 9936 --- [main] w.s.c.ServletWebServerApplicationContext : Root WebApplicationContext: initialization completed in 1190 ms
2022-03-03 16:20:00.522  INFO 9936 --- [main] o.hibernate.jpa.internal.util.LogHelper  : HHH000204: Processing PersistenceUnitInfo [name: default]
2022-03-03 16:20:00.565  INFO 9936 --- [main] org.hibernate.Version                    : HHH000412: Hibernate ORM core version 5.6.5.Final
2022-03-03 16:20:00.691  INFO 9936 --- [main] o.hibernate.annotations.common.Version   : HCANN000001: Hibernate Commons Annotations {5.1.2.Final}
2022-03-03 16:20:00.777  INFO 9936 --- [main] com.zaxxer.hikari.HikariDataSource       : HikariPool-1 - Starting...
2022-03-03 16:20:00.919  INFO 9936 --- [main] com.zaxxer.hikari.HikariDataSource       : HikariPool-1 - Start completed.
2022-03-03 16:20:00.932  INFO 9936 --- [main] org.hibernate.dialect.Dialect            : HHH000400: Using dialect: org.hibernate.dialect.PostgreSQLDialect
2022-03-03 16:20:01.384  INFO 9936 --- [main] o.h.e.t.j.p.i.JtaPlatformInitiator       : HHH000490: Using JtaPlatform implementation: [org.hibernate.engine.transaction.jta.platform.internal.NoJtaPlatform]
2022-03-03 16:20:01.391  INFO 9936 --- [main] j.LocalContainerEntityManagerFactoryBean : Initialized JPA EntityManagerFactory for persistence unit 'default'
2022-03-03 16:20:01.433  WARN 9936 --- [main] JpaBaseConfiguration$JpaWebConfiguration : spring.jpa.open-in-view is enabled by default. Therefore, database queries may be performed during view rendering. Explicitly configure spring.jpa.open-in-view to disable this warning
2022-03-03 16:20:01.747 TRACE 9936 --- [main] c.e.h.config.SecurityConfiguration       : trace
2022-03-03 16:20:02.056  INFO 9936 --- [main] o.s.s.web.DefaultSecurityFilterChain     : Will not secure any request
2022-03-03 16:20:02.340  INFO 9936 --- [main] o.s.b.w.embedded.tomcat.TomcatWebServer  : Tomcat started on port(s): 8082 (http) with context path ''
2022-03-03 16:20:02.351  INFO 9936 --- [main] c.e.hellospring.HelloSpringApplication   : Started HelloSpringApplication in 3.728 seconds (JVM running for 5.509)
2022-03-03 16:20:33.827  INFO 9936 --- [http-nio-8082-exec-2] o.a.c.c.C.[Tomcat].[localhost].[/]       : Initializing Spring DispatcherServlet 'dispatcherServlet'
2022-03-03 16:20:33.828  INFO 9936 --- [http-nio-8082-exec-2] o.s.web.servlet.DispatcherServlet        : Initializing Servlet 'dispatcherServlet'
2022-03-03 16:20:33.828  INFO 9936 --- [http-nio-8082-exec-2] o.s.web.servlet.DispatcherServlet        : Completed initialization in 0 ms
2022-03-03 16:20:34.145  WARN 9936 --- [http-nio-8082-exec-2] .w.s.m.s.DefaultHandlerExceptionResolver : Resolved [org.springframework.web.bind.MissingServletRequestParameterException: Required request parameter 'name' for method parameter type String is not present]
2022-03-03 16:22:19.971  WARN 9936 --- [http-nio-8082-exec-3] .w.s.m.s.DefaultHandlerExceptionResolver : Resolved [org.springframework.web.bind.MissingServletRequestParameterException: Required request parameter 'name' for method parameter type String is not present]
2022-03-03 16:22:48.977  INFO 9936 --- [http-nio-8082-exec-7] c.e.hellospring.hodim.HodimResource      : Malumot Keldi [com.example.hellospring.hodim.Hodim@28b8b507, com.example.hellospring.hodim.Hodim@426d6c5, com.example.hellospring.hodim.Hodim@707e8016, com.example.hellospring.hodim.Hodim@abe9348, com.example.hellospring.hodim.Hodim@44798f2]
2022-03-03 16:25:26.633  INFO 9936 --- [SpringApplicationShutdownHook] j.LocalContainerEntityManagerFactoryBean : Closing JPA EntityManagerFactory for persistence unit 'default'
2022-03-03 16:25:26.635  INFO 9936 --- [SpringApplicationShutdownHook] com.zaxxer.hikari.HikariDataSource       : HikariPool-1 - Shutdown initiated...
2022-03-03 16:25:26.643  INFO 9936 --- [SpringApplicationShutdownHook] com.zaxxer.hikari.HikariDataSource       : HikariPool-1 - Shutdown completed.
2022-03-03 16:25:31.099  INFO 4812 --- [main] c.e.hellospring.HelloSpringApplication   : Starting HelloSpringApplication using Java 11.0.2 on Yahda with PID 4812 (D:\Bahodir\projects\helloSpring\target\classes started by yahyo in D:\Bahodir\projects\helloSpring)
2022-03-03 16:25:31.101 DEBUG 4812 --- [main] c.e.hellospring.HelloSpringApplication   : Running with Spring Boot v2.6.4, Spring v5.3.16
2022-03-03 16:25:31.102  INFO 4812 --- [main] c.e.hellospring.HelloSpringApplication   : No active profile set, falling back to 1 default profile: "default"
2022-03-03 16:25:31.645  INFO 4812 --- [main] .s.d.r.c.RepositoryConfigurationDelegate : Bootstrapping Spring Data JPA repositories in DEFAULT mode.
2022-03-03 16:25:31.684  INFO 4812 --- [main] .s.d.r.c.RepositoryConfigurationDelegate : Finished Spring Data repository scanning in 33 ms. Found 1 JPA repository interfaces.
2022-03-03 16:25:32.044  INFO 4812 --- [main] o.s.b.w.embedded.tomcat.TomcatWebServer  : Tomcat initialized with port(s): 8082 (http)
2022-03-03 16:25:32.050  INFO 4812 --- [main] o.apache.catalina.core.StandardService   : Starting service [Tomcat]
2022-03-03 16:25:32.051  INFO 4812 --- [main] org.apache.catalina.core.StandardEngine  : Starting Servlet engine: [Apache Tomcat/9.0.58]
2022-03-03 16:25:32.125  INFO 4812 --- [main] o.a.c.c.C.[Tomcat].[localhost].[/]       : Initializing Spring embedded WebApplicationContext
2022-03-03 16:25:32.125  INFO 4812 --- [main] w.s.c.ServletWebServerApplicationContext : Root WebApplicationContext: initialization completed in 970 ms
2022-03-03 16:25:32.274  INFO 4812 --- [main] o.hibernate.jpa.internal.util.LogHelper  : HHH000204: Processing PersistenceUnitInfo [name: default]
2022-03-03 16:25:32.305  INFO 4812 --- [main] org.hibernate.Version                    : HHH000412: Hibernate ORM core version 5.6.5.Final
2022-03-03 16:25:32.394  INFO 4812 --- [main] o.hibernate.annotations.common.Version   : HCANN000001: Hibernate Commons Annotations {5.1.2.Final}
2022-03-03 16:25:32.459  INFO 4812 --- [main] com.zaxxer.hikari.HikariDataSource       : HikariPool-1 - Starting...
2022-03-03 16:25:32.583  INFO 4812 --- [main] com.zaxxer.hikari.HikariDataSource       : HikariPool-1 - Start completed.
2022-03-03 16:25:32.594  INFO 4812 --- [main] org.hibernate.dialect.Dialect            : HHH000400: Using dialect: org.hibernate.dialect.PostgreSQLDialect
2022-03-03 16:25:32.980  INFO 4812 --- [main] o.h.e.t.j.p.i.JtaPlatformInitiator       : HHH000490: Using JtaPlatform implementation: [org.hibernate.engine.transaction.jta.platform.internal.NoJtaPlatform]
2022-03-03 16:25:32.987  INFO 4812 --- [main] j.LocalContainerEntityManagerFactoryBean : Initialized JPA EntityManagerFactory for persistence unit 'default'
2022-03-03 16:25:33.026  WARN 4812 --- [main] JpaBaseConfiguration$JpaWebConfiguration : spring.jpa.open-in-view is enabled by default. Therefore, database queries may be performed during view rendering. Explicitly configure spring.jpa.open-in-view to disable this warning
2022-03-03 16:25:33.289 TRACE 4812 --- [main] c.e.h.config.SecurityConfiguration       : trace
2022-03-03 16:25:33.600  INFO 4812 --- [main] o.s.s.web.DefaultSecurityFilterChain     : Will not secure any request
2022-03-03 16:25:33.904  INFO 4812 --- [main] o.s.b.w.embedded.tomcat.TomcatWebServer  : Tomcat started on port(s): 8082 (http) with context path ''
2022-03-03 16:25:33.919  INFO 4812 --- [main] c.e.hellospring.HelloSpringApplication   : Started HelloSpringApplication in 3.183 seconds (JVM running for 3.914)
2022-03-03 16:25:40.881  INFO 4812 --- [http-nio-8082-exec-1] o.a.c.c.C.[Tomcat].[localhost].[/]       : Initializing Spring DispatcherServlet 'dispatcherServlet'
2022-03-03 16:25:40.883  INFO 4812 --- [http-nio-8082-exec-1] o.s.web.servlet.DispatcherServlet        : Initializing Servlet 'dispatcherServlet'
2022-03-03 16:25:40.884  INFO 4812 --- [http-nio-8082-exec-1] o.s.web.servlet.DispatcherServlet        : Completed initialization in 1 ms
2022-03-03 16:25:41.214  WARN 4812 --- [http-nio-8082-exec-1] .w.s.m.s.DefaultHandlerExceptionResolver : Resolved [org.springframework.web.bind.MissingServletRequestParameterException: Required request parameter 'name' for method parameter type String is not present]
2022-03-03 16:26:05.983  WARN 4812 --- [http-nio-8082-exec-3] .w.s.m.s.DefaultHandlerExceptionResolver : Resolved [org.springframework.web.bind.MissingServletRequestParameterException: Required request parameter 'name' for method parameter type String is not present]
2022-03-03 16:29:40.992  WARN 4812 --- [http-nio-8082-exec-6] .w.s.m.s.DefaultHandlerExceptionResolver : Resolved [org.springframework.web.bind.MissingServletRequestParameterException: Required request parameter 'name' for method parameter type String is not present]
2022-03-03 16:29:48.363  WARN 4812 --- [http-nio-8082-exec-8] .w.s.m.s.DefaultHandlerExceptionResolver : Resolved [org.springframework.web.bind.MissingServletRequestParameterException: Required request parameter 'name' for method parameter type String is not present]
2022-03-03 16:31:00.085  WARN 4812 --- [http-nio-8082-exec-10] .w.s.m.s.DefaultHandlerExceptionResolver : Resolved [org.springframework.web.bind.MissingServletRequestParameterException: Required request parameter 'name' for method parameter type String is not present]
2022-03-03 16:31:11.563  INFO 4812 --- [http-nio-8082-exec-2] c.e.hellospring.hodim.HodimResource      : Malumotga ruhsat soralmeydi [com.example.hellospring.hodim.Hodim@79ccbab7, com.example.hellospring.hodim.Hodim@1675755c, com.example.hellospring.hodim.Hodim@3d18b3b0, com.example.hellospring.hodim.Hodim@10cf0bb, com.example.hellospring.hodim.Hodim@750845a3]
2022-03-03 16:32:19.560  INFO 4812 --- [SpringApplicationShutdownHook] j.LocalContainerEntityManagerFactoryBean : Closing JPA EntityManagerFactory for persistence unit 'default'
2022-03-03 16:32:19.562  INFO 4812 --- [SpringApplicationShutdownHook] com.zaxxer.hikari.HikariDataSource       : HikariPool-1 - Shutdown initiated...
2022-03-03 16:32:19.568  INFO 4812 --- [SpringApplicationShutdownHook] com.zaxxer.hikari.HikariDataSource       : HikariPool-1 - Shutdown completed.
2022-03-03 16:32:24.599  INFO 11556 --- [main] c.e.hellospring.HelloSpringApplication   : Starting HelloSpringApplication using Java 11.0.2 on Yahda with PID 11556 (D:\Bahodir\projects\helloSpring\target\classes started by yahyo in D:\Bahodir\projects\helloSpring)
2022-03-03 16:32:24.599 DEBUG 11556 --- [main] c.e.hellospring.HelloSpringApplication   : Running with Spring Boot v2.6.4, Spring v5.3.16
2022-03-03 16:32:24.604  INFO 11556 --- [main] c.e.hellospring.HelloSpringApplication   : No active profile set, falling back to 1 default profile: "default"
2022-03-03 16:32:25.309  INFO 11556 --- [main] .s.d.r.c.RepositoryConfigurationDelegate : Bootstrapping Spring Data JPA repositories in DEFAULT mode.
2022-03-03 16:32:25.352  INFO 11556 --- [main] .s.d.r.c.RepositoryConfigurationDelegate : Finished Spring Data repository scanning in 34 ms. Found 1 JPA repository interfaces.
2022-03-03 16:32:25.804  INFO 11556 --- [main] o.s.b.w.embedded.tomcat.TomcatWebServer  : Tomcat initialized with port(s): 8082 (http)
2022-03-03 16:32:25.812  INFO 11556 --- [main] o.apache.catalina.core.StandardService   : Starting service [Tomcat]
2022-03-03 16:32:25.812  INFO 11556 --- [main] org.apache.catalina.core.StandardEngine  : Starting Servlet engine: [Apache Tomcat/9.0.58]
2022-03-03 16:32:25.901  INFO 11556 --- [main] o.a.c.c.C.[Tomcat].[localhost].[/]       : Initializing Spring embedded WebApplicationContext
2022-03-03 16:32:25.902  INFO 11556 --- [main] w.s.c.ServletWebServerApplicationContext : Root WebApplicationContext: initialization completed in 1223 ms
2022-03-03 16:32:26.096  INFO 11556 --- [main] o.hibernate.jpa.internal.util.LogHelper  : HHH000204: Processing PersistenceUnitInfo [name: default]
2022-03-03 16:32:26.133  INFO 11556 --- [main] org.hibernate.Version                    : HHH000412: Hibernate ORM core version 5.6.5.Final
2022-03-03 16:32:26.242  INFO 11556 --- [main] o.hibernate.annotations.common.Version   : HCANN000001: Hibernate Commons Annotations {5.1.2.Final}
2022-03-03 16:32:26.329  INFO 11556 --- [main] com.zaxxer.hikari.HikariDataSource       : HikariPool-1 - Starting...
2022-03-03 16:32:26.475  INFO 11556 --- [main] com.zaxxer.hikari.HikariDataSource       : HikariPool-1 - Start completed.
2022-03-03 16:32:26.487  INFO 11556 --- [main] org.hibernate.dialect.Dialect            : HHH000400: Using dialect: org.hibernate.dialect.PostgreSQLDialect
2022-03-03 16:32:26.944  INFO 11556 --- [main] o.h.e.t.j.p.i.JtaPlatformInitiator       : HHH000490: Using JtaPlatform implementation: [org.hibernate.engine.transaction.jta.platform.internal.NoJtaPlatform]
2022-03-03 16:32:26.951  INFO 11556 --- [main] j.LocalContainerEntityManagerFactoryBean : Initialized JPA EntityManagerFactory for persistence unit 'default'
2022-03-03 16:32:26.993  WARN 11556 --- [main] JpaBaseConfiguration$JpaWebConfiguration : spring.jpa.open-in-view is enabled by default. Therefore, database queries may be performed during view rendering. Explicitly configure spring.jpa.open-in-view to disable this warning
2022-03-03 16:32:27.316 TRACE 11556 --- [main] c.e.h.config.SecurityConfiguration       : trace
2022-03-03 16:32:27.676  INFO 11556 --- [main] o.s.s.web.DefaultSecurityFilterChain     : Will not secure any request
2022-03-03 16:32:27.990  INFO 11556 --- [main] o.s.b.w.embedded.tomcat.TomcatWebServer  : Tomcat started on port(s): 8082 (http) with context path ''
2022-03-03 16:32:28.001  INFO 11556 --- [main] c.e.hellospring.HelloSpringApplication   : Started HelloSpringApplication in 3.983 seconds (JVM running for 5.124)
2022-03-03 16:33:27.287  INFO 11556 --- [http-nio-8082-exec-2] o.a.c.c.C.[Tomcat].[localhost].[/]       : Initializing Spring DispatcherServlet 'dispatcherServlet'
2022-03-03 16:33:27.288  INFO 11556 --- [http-nio-8082-exec-2] o.s.web.servlet.DispatcherServlet        : Initializing Servlet 'dispatcherServlet'
2022-03-03 16:33:27.289  INFO 11556 --- [http-nio-8082-exec-2] o.s.web.servlet.DispatcherServlet        : Completed initialization in 1 ms
2022-03-03 16:33:27.615  WARN 11556 --- [http-nio-8082-exec-2] .w.s.m.s.DefaultHandlerExceptionResolver : Resolved [org.springframework.web.bind.MissingServletRequestParameterException: Required request parameter 'name' for method parameter type String is not present]
2022-03-03 17:01:50.296  INFO 11556 --- [SpringApplicationShutdownHook] j.LocalContainerEntityManagerFactoryBean : Closing JPA EntityManagerFactory for persistence unit 'default'
2022-03-03 17:01:50.298  INFO 11556 --- [SpringApplicationShutdownHook] com.zaxxer.hikari.HikariDataSource       : HikariPool-1 - Shutdown initiated...
2022-03-03 17:01:50.304  INFO 11556 --- [SpringApplicationShutdownHook] com.zaxxer.hikari.HikariDataSource       : HikariPool-1 - Shutdown completed.
2022-03-03 17:01:55.168  INFO 11044 --- [main] c.e.hellospring.HelloSpringApplication   : Starting HelloSpringApplication using Java 11.0.2 on Yahda with PID 11044 (D:\Bahodir\projects\helloSpring\target\classes started by yahyo in D:\Bahodir\projects\helloSpring)
2022-03-03 17:01:55.172 DEBUG 11044 --- [main] c.e.hellospring.HelloSpringApplication   : Running with Spring Boot v2.6.4, Spring v5.3.16
2022-03-03 17:01:55.172  INFO 11044 --- [main] c.e.hellospring.HelloSpringApplication   : No active profile set, falling back to 1 default profile: "default"
2022-03-03 17:01:55.756  INFO 11044 --- [main] .s.d.r.c.RepositoryConfigurationDelegate : Bootstrapping Spring Data JPA repositories in DEFAULT mode.
2022-03-03 17:01:55.793  INFO 11044 --- [main] .s.d.r.c.RepositoryConfigurationDelegate : Finished Spring Data repository scanning in 30 ms. Found 1 JPA repository interfaces.
2022-03-03 17:01:56.176  INFO 11044 --- [main] o.s.b.w.embedded.tomcat.TomcatWebServer  : Tomcat initialized with port(s): 8082 (http)
2022-03-03 17:01:56.183  INFO 11044 --- [main] o.apache.catalina.core.StandardService   : Starting service [Tomcat]
2022-03-03 17:01:56.183  INFO 11044 --- [main] org.apache.catalina.core.StandardEngine  : Starting Servlet engine: [Apache Tomcat/9.0.58]
2022-03-03 17:01:56.271  INFO 11044 --- [main] o.a.c.c.C.[Tomcat].[localhost].[/]       : Initializing Spring embedded WebApplicationContext
2022-03-03 17:01:56.271  INFO 11044 --- [main] w.s.c.ServletWebServerApplicationContext : Root WebApplicationContext: initialization completed in 1063 ms
2022-03-03 17:01:56.411  INFO 11044 --- [main] o.hibernate.jpa.internal.util.LogHelper  : HHH000204: Processing PersistenceUnitInfo [name: default]
2022-03-03 17:01:56.442  INFO 11044 --- [main] org.hibernate.Version                    : HHH000412: Hibernate ORM core version 5.6.5.Final
2022-03-03 17:01:56.531  INFO 11044 --- [main] o.hibernate.annotations.common.Version   : HCANN000001: Hibernate Commons Annotations {5.1.2.Final}
2022-03-03 17:01:56.595  INFO 11044 --- [main] com.zaxxer.hikari.HikariDataSource       : HikariPool-1 - Starting...
2022-03-03 17:01:56.721  INFO 11044 --- [main] com.zaxxer.hikari.HikariDataSource       : HikariPool-1 - Start completed.
2022-03-03 17:01:56.731  INFO 11044 --- [main] org.hibernate.dialect.Dialect            : HHH000400: Using dialect: org.hibernate.dialect.PostgreSQLDialect
2022-03-03 17:01:57.500  INFO 11044 --- [main] o.h.e.t.j.p.i.JtaPlatformInitiator       : HHH000490: Using JtaPlatform implementation: [org.hibernate.engine.transaction.jta.platform.internal.NoJtaPlatform]
2022-03-03 17:01:57.513  INFO 11044 --- [main] j.LocalContainerEntityManagerFactoryBean : Initialized JPA EntityManagerFactory for persistence unit 'default'
2022-03-03 17:01:57.551  WARN 11044 --- [main] JpaBaseConfiguration$JpaWebConfiguration : spring.jpa.open-in-view is enabled by default. Therefore, database queries may be performed during view rendering. Explicitly configure spring.jpa.open-in-view to disable this warning
2022-03-03 17:01:57.815 TRACE 11044 --- [main] c.e.h.config.SecurityConfiguration       : trace
2022-03-03 17:01:58.093  INFO 11044 --- [main] o.s.s.web.DefaultSecurityFilterChain     : Will not secure any request
2022-03-03 17:01:58.356  INFO 11044 --- [main] o.s.b.w.embedded.tomcat.TomcatWebServer  : Tomcat started on port(s): 8082 (http) with context path ''
2022-03-03 17:01:58.368  INFO 11044 --- [main] c.e.hellospring.HelloSpringApplication   : Started HelloSpringApplication in 3.722 seconds (JVM running for 5.058)
2022-03-03 17:03:41.184  INFO 11044 --- [SpringApplicationShutdownHook] j.LocalContainerEntityManagerFactoryBean : Closing JPA EntityManagerFactory for persistence unit 'default'
2022-03-03 17:03:41.184  INFO 11044 --- [SpringApplicationShutdownHook] com.zaxxer.hikari.HikariDataSource       : HikariPool-1 - Shutdown initiated...
2022-03-03 17:03:41.199  INFO 11044 --- [SpringApplicationShutdownHook] com.zaxxer.hikari.HikariDataSource       : HikariPool-1 - Shutdown completed.
